Consuela Washington/PERSON ,/O a/O longtime/O House/LOCATION staffer/O and/O an/O expert/O in/O securities/O laws/O ,/O is/O a/O leading/O candidate/O to/O be/O chairwoman/O of/O the/O Securities and Exchange Commission/ORGANIZATION in/O the/O Clinton/LOCATION administration/O ./O
./O Ms./O Washington/LOCATION ,/O 44 years old/O ,/O would/O be/O the/O first/O woman/O and/O the/O first/O black/O to/O head/O the/O five/O member/O commission/O that/O oversees/O the/O securities/O markets/O ./O
./O Ms./O Washington's/O candidacy/O is/O being/O championed/O by/O several/O powerful/O lawmakers/O including/O her/O boss/O ,/O Chairman/O John Dingell/PERSON (/O D/O ./O
./O ,/O Mich./LOCATION )/O of/O the House/ORGANIZATION Energy/O and/O Commerce/O Committee/O ./O
./O She/O currently/O is/O a/O counsel/O to/O the/O committee/O ./O
./O Ms./O Washington/LOCATION and/O Mr./O Dingell/PERSON have/O been/O considered/O allies/O of/O the/O securities/O exchanges/O ,/O while/O banks/O and/O futures/O exchanges/O have/O often/O fought/O with/O them/O ./O
./O A/O graduate/O of/O Harvard Law School/LOCATION ,/O Ms./O Washington/LOCATION worked/O as/O a/O laywer/O for/O the/O corporate/O finance/O division/O of/O the/O SEC/ORGANIZATION in/O the/O late 1970s/O ./O
./O She/O has/O been/O a/O congressional/O staffer/O since/O 1979/O ./O
./O Separately/LOCATION ,/O Clinton/LOCATION transition/O officials/O said/O that/O Frank Newman/PERSON ,/O 50/O ,/O vice/O chairman/O and/O chief/O financial/O officer/O of/O BankAmerica/O Corp.,/O is/O expected/O to/O be/O nominated/O as/O assistant/O Treasury/PERSON secretary/O for/O domestic/O finance/O ./O
./O Mr. Newman/PERSON ,/O who/O would/O be/O giving up/O a/O job/O that/O pays/O $1 million/O a/O year/O ,/O would/O oversee/O the/O Treasury/O auctions/O of/O government/O securities/O as well as/O banking/O issues/O ./O
./O He/O would/O report/O directly/O to/O Treasury/O Secretary-designate Lloyd/PERSON Bentsen/O ./O
./O Mr. Bentsen/PERSON ,/O who/O headed/O the/O Senate/ORGANIZATION Finance/O Committee/O for/O the/O past/O six years/O ,/O also/O is/O expected/O to/O nominate/O Samuel Sessions/PERSON ,/O the/O committee/O chief/O tax/O counsel/O ,/O to/O one/O of/O the/O top/O tax/O jobs/O at/O Treasury/O ./O
./O As/O early/O as/O today/O ,/O the/O Clinton/LOCATION camp/O is/O expected/O to/O name/O five/O undersecretaries/O of/O state/O and/O several/O assistant/O secretaries/O ./O
./O Peter Tarnoff/PERSON ,/O a/O former/O Carter/O administration/O official/O and/O president/O of/O the/O Council/O on/O Foreign/O Relations/O ,/O is/O expected/O to/O be/O named/O undersecretary/O for/O political/O affairs/O ./O
./O Former/O Sen/O ./O
./O Tim Wirth/PERSON is/O expected/O to/O get/O a/O newly/O created/O undersecretary/O post/O for/O global/O affairs/O ,/O which/O would/O include/O refugees/O ,/O drugs/O and/O environmental/O issues/O ./O
./O Earlier/O ,/O the/O Colorado/LOCATION Democrat/ORGANIZATION had/O been/O a/O leading/O contender/O to/O head/O the/O Environmental/O Protection/O Agency/O ./O
./O In addition/O ,/O Joan Spero/PERSON ,/O an/O executive/O vice/O president/O of/O American Express/ORGANIZATION Co.,/O is/O a/O leading/O candidate/O for/O undersecretary/O for/O economic/O affairs/O ./O
./O And/O Time/O magazine/O columnist/O Strobe/O Talbott/O is/O to/O be/O named/O ambassador/O at/O large/O to/O coordinate/O U.S./LOCATION policy/O toward/O the/O former/O Soviet Union/LOCATION ./O
./O Several/O appointees/O of/O President/O Bush/PERSON are/O likely/O to/O stay/O in/O office/O at least/O temporarily/O ,/O until/O permanent/O successors/O can/O be/O named/O ./O
./O One/O is/O Bernadine Healy/PERSON ,/O director/O of/O the/O National Institutes of Health/ORGANIZATION ./O
./O Another/O likely/O holdover/O is/O David Kessler/PERSON ,/O head/O of/O the/O Food and Drug Administration/ORGANIZATION ./O
./O In/O the/O offfice/O of/O U.S./LOCATION Trade/O Representative-designate/O Mickey Kantor/PERSON ,/O selections/O for/O the/O three/O deputy/O trade/O representative/O slots/O and/O general/O counsel/O are/O still/O to/O be/O decided/O ./O
./O But/O Robert Kyle/PERSON ,/O the/O Senate/ORGANIZATION Finance/O Committee/O trade/O counsel/O ,/O is/O considered/O a/O top/O candidate/O for/O one/O of/O the/O slots/O or/O for/O a/O trade/O post/O elsewhere/O in/O the/O government/O ./O
./O For/O many/O subcabinet/O jobs/O ,/O the/O list/O of/O candidates/O has/O been/O narrowed/O considerably/O ./O
./O Clinton/LOCATION officials/O are/O said/O to/O be/O deciding/O between/O recently/O retired/O Rep./O Matthew/PERSON McHugh/O (/O D/O ./O
./O ,/O N.Y./LOCATION )/O and/O environmental/O activist/O and/O transition/O official/O Gus Speth/PERSON for/O the/O director/O of/O the/O Agency/O for/O International/O Development/O ./O
./O Among/O others/O expected/O to/O be/O hired/O include/O Kitty Higgins/PERSON ,/O an/O aide/O to/O Michigan/LOCATION Rep./O Sander Levin/PERSON ,/O as/O chief/O of/O staff/O in/O the/O Labor/O Department/O ,/O while/O Jerry Palast/PERSON of/O the/O Service Employees International Union/ORGANIZATION is/O expected/O to/O be/O the/O department/O director/O of/O legislative/O affairs/O ./O
./O Separately/O ,/O the/O incoming/O Clinton/LOCATION administration/O is/O seriously/O considering/O moving/O the/O briefing/O room/O for/O the/O press/O ,/O for/O decades/O situated/O in/O the/O West/O Wing/O of/O the/O White House/ORGANIZATION ,/O out of/O the/O White House/ORGANIZATION and/O into/O the/O Old/O Executive/O Office Building/PERSON next/O door/O ./O
./O The/O current/O briefing/O room/O could/O be/O used/O for/O staff/O offices/O ./O
